app/build/intermediates/manifest_merge_blame_file/release/manifest-merger-blame-release-report.txt
1<?xml version="1.0" encoding="utf-8"?>
2<!--
3    Copyright 2019 Google Inc. All Rights Reserved.
4
5     Licensed under the Apache License, Version 2.0 (the "License");
6     you may not use this file except in compliance with the License.
7     You may obtain a copy of the License at
8
9         http://www.apache.org/licenses/LICENSE-2.0
10
11     Unless required by applicable law or agreed to in writing, software
12     distributed under the License is distributed on an "AS IS" BASIS,
13     WITHOUT WARRANTIES OR CONDITIONS OF ANY KIND, either express or implied.
14     See the License for the specific language governing permissions and
15     limitations under the License.
16-->
17<!--
18 The "package" attribute is rewritten by the Gradle build with the value of applicationId.
19     It is still required here, as it is used to derive paths, for instance when referring
20     to an Activity by ".MyActivity" instead of the full name. If more Activities are added to the
21     application, the package attribute will need to reflect the correct path in order to use
22     the abbreviated format.
23-->
24<manifest xmlns:android="http://schemas.android.com/apk/res/android"
25    package="dev.phcode.test.twa"
26    android:versionCode="2"
27    android:versionName="2" >
28
29    <uses-sdk
30        android:minSdkVersion="19"
30-->src/main/AndroidManifest.xml
31        android:targetSdkVersion="33" />
31-->src/main/AndroidManifest.xml
32
33    <uses-permission android:name="android.permission.POST_NOTIFICATIONS" />
33-->src/main/AndroidManifest.xml:26:9-80
33-->src/main/AndroidManifest.xml:26:26-78
34
35    <queries>
35-->[com.google.androidbrowserhelper:androidbrowserhelper:2.5.0] AndroidManifest.xml:26:5-34:15
36        <intent>
36-->[com.google.androidbrowserhelper:androidbrowserhelper:2.5.0] AndroidManifest.xml:27:9-33:18
37            <action android:name="android.intent.action.VIEW" />
37-->src/main/AndroidManifest.xml:140:17-68
37-->src/main/AndroidManifest.xml:140:25-66
38
39            <category android:name="android.intent.category.BROWSABLE" />
39-->src/main/AndroidManifest.xml:142:17-77
39-->src/main/AndroidManifest.xml:142:27-75
40
41            <data android:scheme="https" />
41-->src/main/AndroidManifest.xml:143:17-144:54
41-->src/main/AndroidManifest.xml:143:23-45
42        </intent>
43        <intent>
43-->[com.android.billingclient:billing:5.2.1] AndroidManifest.xml:17:9-19:18
44            <action android:name="com.android.vending.billing.InAppBillingService.BIND" />
44-->[com.android.billingclient:billing:5.2.1] AndroidManifest.xml:18:13-91
44-->[com.android.billingclient:billing:5.2.1] AndroidManifest.xml:18:21-88
45        </intent>
46    </queries>
47
48    <uses-permission android:name="com.android.vending.BILLING" />
48-->[com.android.billingclient:billing:5.2.1] AndroidManifest.xml:10:5-67
48-->[com.android.billingclient:billing:5.2.1] AndroidManifest.xml:10:22-64
49
50    <application
50-->src/main/AndroidManifest.xml:35:5-212:19
51        android:name="dev.phcode.test.twa.Application"
51-->src/main/AndroidManifest.xml:36:9-35
52        android:allowBackup="true"
52-->src/main/AndroidManifest.xml:37:9-35
53        android:appComponentFactory="androidx.core.app.CoreComponentFactory"
53-->[androidx.core:core:1.1.0] AndroidManifest.xml:24:18-86
54        android:icon="@mipmap/ic_launcher"
54-->src/main/AndroidManifest.xml:38:9-43
55        android:label="@string/appName"
55-->src/main/AndroidManifest.xml:39:9-40
56        android:manageSpaceActivity="com.google.androidbrowserhelper.trusted.ManageDataLauncherActivity"
56-->src/main/AndroidManifest.xml:41:9-105
57        android:supportsRtl="true"
57-->src/main/AndroidManifest.xml:43:9-35
58        android:theme="@android:style/Theme.Translucent.NoTitleBar" >
58-->src/main/AndroidManifest.xml:44:9-68
59        <meta-data
59-->src/main/AndroidManifest.xml:46:9-48:58
60            android:name="asset_statements"
60-->src/main/AndroidManifest.xml:47:13-44
61            android:resource="@string/assetStatements" />
61-->src/main/AndroidManifest.xml:48:13-55
62        <meta-data
62-->src/main/AndroidManifest.xml:51:13-53:58
63            android:name="web_manifest_url"
63-->src/main/AndroidManifest.xml:52:17-48
64            android:value="@string/webManifestUrl" />
64-->src/main/AndroidManifest.xml:53:17-55
65        <meta-data
65-->src/main/AndroidManifest.xml:56:9-58:52
66            android:name="twa_generator"
66-->src/main/AndroidManifest.xml:57:13-41
67            android:value="@string/generatorApp" />
67-->src/main/AndroidManifest.xml:58:13-49
68
69        <activity android:name="com.google.androidbrowserhelper.trusted.ManageDataLauncherActivity" >
69-->src/main/AndroidManifest.xml:65:13-69:24
69-->src/main/AndroidManifest.xml:65:23-104
70            <meta-data
70-->src/main/AndroidManifest.xml:66:13-68:53
71                android:name="android.support.customtabs.trusted.MANAGE_SPACE_URL"
71-->src/main/AndroidManifest.xml:67:17-83
72                android:value="@string/launchUrl" />
72-->src/main/AndroidManifest.xml:68:17-50
73        </activity>
74        <activity
74-->src/main/AndroidManifest.xml:72:9-148:20
75            android:name="dev.phcode.test.twa.LauncherActivity"
75-->src/main/AndroidManifest.xml:72:19-50
76            android:alwaysRetainTaskState="true"
76-->src/main/AndroidManifest.xml:73:13-49
77            android:exported="true"
77-->src/main/AndroidManifest.xml:75:13-36
78            android:label="@string/launcherName" >
78-->src/main/AndroidManifest.xml:74:13-49
79            <meta-data
79-->src/main/AndroidManifest.xml:76:13-77:53
80                android:name="android.support.customtabs.trusted.DEFAULT_URL"
80-->src/main/AndroidManifest.xml:76:24-85
81                android:value="@string/launchUrl" />
81-->src/main/AndroidManifest.xml:77:17-50
82            <meta-data
82-->src/main/AndroidManifest.xml:79:13-81:58
83                android:name="android.support.customtabs.trusted.STATUS_BAR_COLOR"
83-->src/main/AndroidManifest.xml:80:17-83
84                android:resource="@color/colorPrimary" />
84-->src/main/AndroidManifest.xml:81:17-55
85            <meta-data
85-->src/main/AndroidManifest.xml:83:13-85:62
86                android:name="android.support.customtabs.trusted.STATUS_BAR_COLOR_DARK"
86-->src/main/AndroidManifest.xml:84:17-88
87                android:resource="@color/colorPrimaryDark" />
87-->src/main/AndroidManifest.xml:85:17-59
88            <meta-data
88-->src/main/AndroidManifest.xml:87:13-89:61
89                android:name="android.support.customtabs.trusted.NAVIGATION_BAR_COLOR"
89-->src/main/AndroidManifest.xml:88:17-87
90                android:resource="@color/navigationColor" />
90-->src/main/AndroidManifest.xml:89:17-58
91            <meta-data
91-->src/main/AndroidManifest.xml:91:13-93:65
92                android:name="android.support.customtabs.trusted.NAVIGATION_BAR_COLOR_DARK"
92-->src/main/AndroidManifest.xml:92:17-92
93                android:resource="@color/navigationColorDark" />
93-->src/main/AndroidManifest.xml:93:17-62
94            <meta-data
94-->src/main/AndroidManifest.xml:95:13-97:68
95                android:name="androix.browser.trusted.NAVIGATION_BAR_DIVIDER_COLOR"
95-->src/main/AndroidManifest.xml:96:17-84
96                android:resource="@color/navigationDividerColor" />
96-->src/main/AndroidManifest.xml:97:17-65
97            <meta-data
97-->src/main/AndroidManifest.xml:99:13-101:72
98                android:name="androix.browser.trusted.NAVIGATION_BAR_DIVIDER_COLOR_DARK"
98-->src/main/AndroidManifest.xml:100:17-89
99                android:resource="@color/navigationDividerColorDark" />
99-->src/main/AndroidManifest.xml:101:17-69
100            <meta-data
100-->src/main/AndroidManifest.xml:103:13-104:54
101                android:name="android.support.customtabs.trusted.SPLASH_IMAGE_DRAWABLE"
101-->src/main/AndroidManifest.xml:103:24-95
102                android:resource="@drawable/splash" />
102-->src/main/AndroidManifest.xml:104:17-52
103            <meta-data
103-->src/main/AndroidManifest.xml:106:13-107:60
104                android:name="android.support.customtabs.trusted.SPLASH_SCREEN_BACKGROUND_COLOR"
104-->src/main/AndroidManifest.xml:106:24-104
105                android:resource="@color/backgroundColor" />
105-->src/main/AndroidManifest.xml:107:17-58
106            <meta-data
106-->src/main/AndroidManifest.xml:109:13-110:71
107                android:name="android.support.customtabs.trusted.SPLASH_SCREEN_FADE_OUT_DURATION"
107-->src/main/AndroidManifest.xml:109:24-105
108                android:value="@integer/splashScreenFadeOutDuration" />
108-->src/main/AndroidManifest.xml:110:17-69
109            <meta-data
109-->src/main/AndroidManifest.xml:112:13-113:60
110                android:name="android.support.customtabs.trusted.FILE_PROVIDER_AUTHORITY"
110-->src/main/AndroidManifest.xml:112:24-97
111                android:value="@string/providerAuthority" />
111-->src/main/AndroidManifest.xml:113:17-58
112            <meta-data
112-->src/main/AndroidManifest.xml:115:13-97
113                android:name="android.app.shortcuts"
113-->src/main/AndroidManifest.xml:115:24-60
114                android:resource="@xml/shortcuts" />
114-->src/main/AndroidManifest.xml:115:61-94
115            <meta-data
115-->src/main/AndroidManifest.xml:117:13-118:56
116                android:name="android.support.customtabs.trusted.FALLBACK_STRATEGY"
116-->src/main/AndroidManifest.xml:117:24-91
117                android:value="@string/fallbackType" />
117-->src/main/AndroidManifest.xml:118:17-53
118            <meta-data
118-->src/main/AndroidManifest.xml:123:13-124:45
119                android:name="android.support.customtabs.trusted.DISPLAY_MODE"
119-->src/main/AndroidManifest.xml:123:24-86
120                android:value="immersive" />
120-->src/main/AndroidManifest.xml:124:17-42
121            <meta-data
121-->src/main/AndroidManifest.xml:127:13-128:54
122                android:name="android.support.customtabs.trusted.SCREEN_ORIENTATION"
122-->src/main/AndroidManifest.xml:127:24-92
123                android:value="@string/orientation" />
123-->src/main/AndroidManifest.xml:128:17-52
124
125            <intent-filter>
125-->src/main/AndroidManifest.xml:134:13-137:29
126                <action android:name="android.intent.action.MAIN" />
126-->src/main/AndroidManifest.xml:135:17-69
126-->src/main/AndroidManifest.xml:135:25-66
127
128                <category android:name="android.intent.category.LAUNCHER" />
128-->src/main/AndroidManifest.xml:136:17-77
128-->src/main/AndroidManifest.xml:136:27-74
129            </intent-filter>
130            <intent-filter android:autoVerify="true" >
130-->src/main/AndroidManifest.xml:139:13-145:29
130-->src/main/AndroidManifest.xml:139:28-53
131                <action android:name="android.intent.action.VIEW" />
131-->src/main/AndroidManifest.xml:140:17-68
131-->src/main/AndroidManifest.xml:140:25-66
132
133                <category android:name="android.intent.category.DEFAULT" />
133-->src/main/AndroidManifest.xml:141:17-76
133-->src/main/AndroidManifest.xml:141:27-73
134                <category android:name="android.intent.category.BROWSABLE" />
134-->src/main/AndroidManifest.xml:142:17-77
134-->src/main/AndroidManifest.xml:142:27-75
135
136                <data
136-->src/main/AndroidManifest.xml:143:17-144:54
137                    android:host="@string/hostName"
137-->src/main/AndroidManifest.xml:144:21-52
138                    android:scheme="https" />
138-->src/main/AndroidManifest.xml:143:23-45
139            </intent-filter>
140        </activity>
141        <activity android:name="com.google.androidbrowserhelper.trusted.FocusActivity" />
141-->src/main/AndroidManifest.xml:150:9-90
141-->src/main/AndroidManifest.xml:150:19-87
142        <activity
142-->src/main/AndroidManifest.xml:152:9-153:62
143            android:name="com.google.androidbrowserhelper.trusted.WebViewFallbackActivity"
143-->src/main/AndroidManifest.xml:152:19-97
144            android:configChanges="orientation|screenSize" />
144-->src/main/AndroidManifest.xml:153:13-59
145
146        <provider
146-->src/main/AndroidManifest.xml:155:9-163:20
147            android:name="androidx.core.content.FileProvider"
147-->src/main/AndroidManifest.xml:156:13-62
148            android:authorities="@string/providerAuthority"
148-->src/main/AndroidManifest.xml:157:13-60
149            android:exported="false"
149-->src/main/AndroidManifest.xml:159:13-37
150            android:grantUriPermissions="true" >
150-->src/main/AndroidManifest.xml:158:13-47
151            <meta-data
151-->src/main/AndroidManifest.xml:160:13-162:53
152                android:name="android.support.FILE_PROVIDER_PATHS"
152-->src/main/AndroidManifest.xml:161:17-67
153                android:resource="@xml/filepaths" />
153-->src/main/AndroidManifest.xml:162:17-50
154        </provider>
155
156        <service
156-->src/main/AndroidManifest.xml:165:9-180:19
157            android:name="dev.phcode.test.twa.DelegationService"
157-->src/main/AndroidManifest.xml:166:13-46
158            android:enabled="@bool/enableNotification"
158-->src/main/AndroidManifest.xml:167:13-55
159            android:exported="@bool/enableNotification" >
159-->src/main/AndroidManifest.xml:168:13-56
160            <meta-data
160-->src/main/AndroidManifest.xml:171:17-173:73
161                android:name="android.support.customtabs.trusted.SMALL_ICON"
161-->src/main/AndroidManifest.xml:172:21-81
162                android:resource="@drawable/ic_notification_icon" />
162-->src/main/AndroidManifest.xml:173:21-70
163
164            <intent-filter>
164-->src/main/AndroidManifest.xml:176:13-179:29
165                <action android:name="android.support.customtabs.trusted.TRUSTED_WEB_ACTIVITY_SERVICE" />
165-->src/main/AndroidManifest.xml:177:17-105
165-->src/main/AndroidManifest.xml:177:25-103
166
167                <category android:name="android.intent.category.DEFAULT" />
167-->src/main/AndroidManifest.xml:141:17-76
167-->src/main/AndroidManifest.xml:141:27-73
168            </intent-filter>
169        </service>
170
171        <activity android:name="com.google.androidbrowserhelper.trusted.NotificationPermissionRequestActivity" />
171-->src/main/AndroidManifest.xml:183:13-118
171-->src/main/AndroidManifest.xml:183:23-115
172        <activity
172-->src/main/AndroidManifest.xml:188:9-201:20
173            android:name="com.google.androidbrowserhelper.playbilling.provider.PaymentActivity"
173-->src/main/AndroidManifest.xml:189:13-96
174            android:configChanges="keyboardHidden|keyboard|orientation|screenLayout|screenSize"
174-->src/main/AndroidManifest.xml:191:13-96
175            android:exported="true"
175-->src/main/AndroidManifest.xml:192:13-36
176            android:theme="@android:style/Theme.Translucent.NoTitleBar" >
176-->src/main/AndroidManifest.xml:190:13-72
177            <intent-filter>
177-->src/main/AndroidManifest.xml:194:13-196:29
178                <action android:name="org.chromium.intent.action.PAY" />
178-->src/main/AndroidManifest.xml:195:17-73
178-->src/main/AndroidManifest.xml:195:25-70
179            </intent-filter>
180
181            <meta-data
181-->src/main/AndroidManifest.xml:198:13-200:67
182                android:name="org.chromium.default_payment_method_name"
182-->src/main/AndroidManifest.xml:199:17-72
183                android:value="https://play.google.com/billing" />
183-->src/main/AndroidManifest.xml:200:17-64
184        </activity>
185
186        <!-- This service checks who calls it at runtime. -->
187        <service
187-->src/main/AndroidManifest.xml:204:9-210:19
188            android:name="com.google.androidbrowserhelper.playbilling.provider.PaymentService"
188-->src/main/AndroidManifest.xml:205:13-95
189            android:exported="true" >
189-->src/main/AndroidManifest.xml:206:13-36
190            <intent-filter>
190-->src/main/AndroidManifest.xml:207:13-209:29
191                <action android:name="org.chromium.intent.action.IS_READY_TO_PAY" />
191-->src/main/AndroidManifest.xml:208:17-85
191-->src/main/AndroidManifest.xml:208:25-82
192            </intent-filter>
193        </service>
194
195        <meta-data
195-->[com.android.billingclient:billing:5.2.1] AndroidManifest.xml:23:9-25:37
196            android:name="com.google.android.play.billingclient.version"
196-->[com.android.billingclient:billing:5.2.1] AndroidManifest.xml:24:13-73
197            android:value="5.2.1" />
197-->[com.android.billingclient:billing:5.2.1] AndroidManifest.xml:25:13-34
198
199        <activity
199-->[com.android.billingclient:billing:5.2.1] AndroidManifest.xml:27:9-31:75
200            android:name="com.android.billingclient.api.ProxyBillingActivity"
200-->[com.android.billingclient:billing:5.2.1] AndroidManifest.xml:28:13-78
201            android:configChanges="keyboard|keyboardHidden|screenLayout|screenSize|orientation"
201-->[com.android.billingclient:billing:5.2.1] AndroidManifest.xml:29:13-96
202            android:exported="false"
202-->[com.android.billingclient:billing:5.2.1] AndroidManifest.xml:30:13-37
203            android:theme="@android:style/Theme.Translucent.NoTitleBar" />
203-->[com.android.billingclient:billing:5.2.1] AndroidManifest.xml:31:13-72
204    </application>
205
206</manifest>